<?xml version="1.0" encoding="UTF-8"?>
<!-- Generated by org.testng.reporters.JUnitXMLReporter -->
<testsuite hostname="Adrians-iMac.local" ignored="0" name="Default test" tests="8" failures="0" timestamp="09 Dec 2016 08:50:23 GMT" time="19.157" errors="0">
  <testcase name="ValidEmailWithValidPasswordShouldPass" time="1.016" classname="myPackages.loginTest"/>
  <testcase name="ValidUsernameWithInvalidPasswordShouldFail" time="0.841" classname="myPackages.loginTest"/>
  <testcase name="ValidUsernameWithValidPasswordShouldPass" time="0.846" classname="myPackages.loginTest"/>
  <testcase name="invalidEmailWithInvalidPasswordShouldFail" time="0.826" classname="myPackages.loginTest"/>
  <testcase name="invalidEmailWithValidPasswordShouldFail" time="0.874" classname="myPackages.loginTest"/>
  <testcase name="invalidUsernameAndInvalidPasswordShouldFail" time="0.844" classname="myPackages.loginTest"/>
  <testcase name="invalidUsernameWithValidPassLoginShouldFail" time="0.826" classname="myPackages.loginTest"/>
  <testcase name="validEmailWithInvalidPasswordShouldFail" time="1.099" classname="myPackages.loginTest"/>
</testsuite> <!-- Default test -->
